<?xml version="1.0" encoding="UTF-8"?>
<!-- Generated by org.testng.reporters.JUnitXMLReporter -->
<testsuite ignored="0" hostname="DESKTOP-OUV82N9" failures="0" tests="3" name="outstation" time="23.172" errors="0" timestamp="2023-09-05T14:33:02 IST">
  <testcase classname="car_search.outsation" name="oneway_search" time="1.883"/>
  <testcase classname="car_search.outsation" name="roundtrip_search" time="1.624"/>
  <testcase classname="car_search.outsation" name="multicity_search" time="2.564"/>
</testsuite> <!-- outstation -->
