<?xml version="1.0" encoding="UTF-8"?>
<!-- Generated by org.testng.reporters.JUnitXMLReporter -->
<testsuite ignored="0" hostname="DESKTOP-OUV82N9" failures="0" tests="3" name="transfer" time="24.321" errors="0" timestamp="2023-09-05T14:33:42 IST">
  <testcase classname="car_search.transfer" name="railway_station" time="3.078"/>
  <testcase classname="car_search.transfer" name="airport" time="2.839"/>
  <testcase classname="car_search.transfer" name="area_hotel" time="2.785"/>
</testsuite> <!-- transfer -->
